# JRE version: Java(TM) SE Runtime Environment (17.0.2+8) (build 17.0.2+8-LTS-86)
# Java VM: Java HotSpot(TM) 64-Bit Server VM (17.0.2+8-LTS-86, mixed mode, emulated-client, sharing, tiered, compressed oops, compressed class ptrs, g1 gc, windows-amd64)
GC Precious Log:
 CPUs: 4 total, 4 available
 Memory: 8099M
 Large Page Support: Disabled
 NUMA Support: Disabled
 Compressed Oops: Enabled (32-bit)
 Heap Region Size: 1M
 Heap Min Capacity: 8M
 Heap Initial Capacity: 128M
 Heap Max Capacity: 2026M
 Pre-touch: Disabled
 Parallel Workers: 4
 Concurrent Workers: 1
 Concurrent Refinement Workers: 4
 Periodic GC: Disabled
Heap:
 garbage-first heap   total 78848K, used 50580K [0x0000000081600000, 0x0000000100000000)
  region size 1024K, 28 young (28672K), 4 survivors (4096K)
 Metaspace       used 52458K, committed 53120K, reserved 1097728K
  class space    used 7223K, committed 7552K, reserved 1048576K
GC Heap History (20 events):
Event: 5.502 GC heap before
{Heap before GC invocations=14 (full 0):
 garbage-first heap   total 78848K, used 62535K [0x0000000081600000, 0x0000000100000000)
  region size 1024K, 46 young (47104K), 4 survivors (4096K)
 Metaspace       used 39609K, committed 40064K, reserved 1089536K
  class space    used 5406K, committed 5632K, reserved 1048576K
}
Event: 5.507 GC heap after
{Heap after GC invocations=15 (full 0):
 garbage-first heap   total 78848K, used 19985K [0x0000000081600000, 0x0000000100000000)
  region size 1024K, 3 young (3072K), 3 survivors (3072K)
 Metaspace       used 39609K, committed 40064K, reserved 1089536K
  class space    used 5406K, committed 5632K, reserved 1048576K
}
Event: 6.040 GC heap before
{Heap before GC invocations=15 (full 0):
 garbage-first heap   total 78848K, used 64017K [0x0000000081600000, 0x0000000100000000)
  region size 1024K, 46 young (47104K), 3 survivors (3072K)
 Metaspace       used 44076K, committed 44544K, reserved 1089536K
  class space    used 6140K, committed 6336K, reserved 1048576K
}
Event: 6.047 GC heap after
{Heap after GC invocations=16 (full 0):
 garbage-first heap   total 78848K, used 21918K [0x0000000081600000, 0x0000000100000000)
  region size 1024K, 5 young (5120K), 5 survivors (5120K)
 Metaspace       used 44076K, committed 44544K, reserved 1089536K
  class space    used 6140K, committed 6336K, reserved 1048576K
}
Event: 6.646 GC heap before
{Heap before GC invocations=16 (full 0):
 garbage-first heap   total 78848K, used 63902K [0x0000000081600000, 0x0000000100000000)
  region size 1024K, 46 young (47104K), 5 survivors (5120K)
 Metaspace       used 47081K, committed 47616K, reserved 1097728K
  class space    used 6549K, committed 6784K, reserved 1048576K
}
Event: 6.653 GC heap after
{Heap after GC invocations=17 (full 0):
 garbage-first heap   total 78848K, used 23673K [0x0000000081600000, 0x0000000100000000)
  region size 1024K, 5 young (5120K), 5 survivors (5120K)
 Metaspace       used 47081K, committed 47616K, reserved 1097728K
  class space    used 6549K, committed 6784K, reserved 1048576K
}
Event: 7.139 GC heap before
{Heap before GC invocations=17 (full 0):
 garbage-first heap   total 78848K, used 64633K [0x0000000081600000, 0x0000000100000000)
  region size 1024K, 45 young (46080K), 5 survivors (5120K)
 Metaspace       used 49721K, committed 50176K, reserved 1097728K
  class space    used 6882K, committed 7104K, reserved 1048576K
}
Event: 7.148 GC heap after
{Heap after GC invocations=18 (full 0):
 garbage-first heap   total 95232K, used 26033K [0x0000000081600000, 0x0000000100000000)
  region size 1024K, 5 young (5120K), 5 survivors (5120K)
 Metaspace       used 49721K, committed 50176K, reserved 1097728K
  class space    used 6882K, committed 7104K, reserved 1048576K
}
Event: 196.335 GC heap before
{Heap before GC invocations=18 (full 0):
 garbage-first heap   total 95232K, used 55729K [0x0000000081600000, 0x0000000100000000)
  region size 1024K, 35 young (35840K), 5 survivors (5120K)
 Metaspace       used 52009K, committed 52544K, reserved 1097728K
  class space    used 7181K, committed 7424K, reserved 1048576K
}
Event: 196.383 GC heap after
{Heap after GC invocations=19 (full 1):
 garbage-first heap   total 78848K, used 22230K [0x0000000081600000, 0x0000000100000000)
  region size 1024K, 0 young (0K), 0 survivors (0K)
 Metaspace       used 52009K, committed 52544K, reserved 1097728K
  class space    used 7181K, committed 7424K, reserved 1048576K
}
Event: 197.367 GC heap before
{Heap before GC invocations=19 (full 1):
 garbage-first heap   total 78848K, used 62166K [0x0000000081600000, 0x0000000100000000)
  region size 1024K, 40 young (40960K), 0 survivors (0K)
 Metaspace       used 52099K, committed 52736K, reserved 1097728K
  class space    used 7193K, committed 7488K, reserved 1048576K
}
Event: 197.374 GC heap after
{Heap after GC invocations=20 (full 1):
 garbage-first heap   total 78848K, used 25942K [0x0000000081600000, 0x0000000100000000)
  region size 1024K, 4 young (4096K), 4 survivors (4096K)
 Metaspace       used 52099K, committed 52736K, reserved 1097728K
  class space    used 7193K, committed 7488K, reserved 1048576K
}
Event: 213.822 GC heap before
{Heap before GC invocations=20 (full 1):
 garbage-first heap   total 78848K, used 60758K [0x0000000081600000, 0x0000000100000000)
  region size 1024K, 39 young (39936K), 4 survivors (4096K)
 Metaspace       used 52355K, committed 52992K, reserved 1097728K
  class space    used 7244K, committed 7552K, reserved 1048576K
}
Event: 213.825 GC heap after
{Heap after GC invocations=21 (full 1):
 garbage-first heap   total 78848K, used 25302K [0x0000000081600000, 0x0000000100000000)
  region size 1024K, 2 young (2048K), 2 survivors (2048K)
 Metaspace       used 52355K, committed 52992K, reserved 1097728K
  class space    used 7244K, committed 7552K, reserved 1048576K
}
Event: 214.550 GC heap before
{Heap before GC invocations=21 (full 1):
 garbage-first heap   total 78848K, used 62166K [0x0000000081600000, 0x0000000100000000)
  region size 1024K, 38 young (38912K), 2 survivors (2048K)
 Metaspace       used 52427K, committed 53056K, reserved 1097728K
  class space    used 7253K, committed 7552K, reserved 1048576K
}
Event: 214.555 GC heap after
{Heap after GC invocations=22 (full 1):
 garbage-first heap   total 78848K, used 27929K [0x0000000081600000, 0x0000000100000000)
  region size 1024K, 5 young (5120K), 5 survivors (5120K)
 Metaspace       used 52427K, committed 53056K, reserved 1097728K
  class space    used 7253K, committed 7552K, reserved 1048576K
}
Event: 246.396 GC heap before
{Heap before GC invocations=22 (full 1):
 garbage-first heap   total 78848K, used 41241K [0x0000000081600000, 0x0000000100000000)
  region size 1024K, 19 young (19456K), 5 survivors (5120K)
 Metaspace       used 52525K, committed 53120K, reserved 1097728K
  class space    used 7262K, committed 7552K, reserved 1048576K
}
Event: 246.458 GC heap after
{Heap after GC invocations=23 (full 2):
 garbage-first heap   total 78848K, used 23577K [0x0000000081600000, 0x0000000100000000)
  region size 1024K, 0 young (0K), 0 survivors (0K)
 Metaspace       used 52269K, committed 53120K, reserved 1097728K
  class space    used 7203K, committed 7552K, reserved 1048576K
}
Event: 247.227 GC heap before
{Heap before GC invocations=23 (full 2):
 garbage-first heap   total 78848K, used 60441K [0x0000000081600000, 0x0000000100000000)
  region size 1024K, 36 young (36864K), 0 survivors (0K)
 Metaspace       used 52352K, committed 53120K, reserved 1097728K
  class space    used 7214K, committed 7552K, reserved 1048576K
}
Event: 247.232 GC heap after
{Heap after GC invocations=24 (full 2):
 garbage-first heap   total 78848K, used 27028K [0x0000000081600000, 0x0000000100000000)
  region size 1024K, 4 young (4096K), 4 survivors (4096K)
 Metaspace       used 52352K, committed 53120K, reserved 1097728K
  class space    used 7214K, committed 7552K, reserved 1048576K
}

